/*C2*/SET SCHEMA PUBLIC
SET SCHEMA PUBLIC
/*C3*/SET SCHEMA PUBLIC
SET SCHEMA PUBLIC
/*C4*/SET SCHEMA PUBLIC
SET SCHEMA PUBLIC
/*C5*/SET SCHEMA PUBLIC
SET SCHEMA PUBLIC
/*C4*/CREATE TABLE PRODUCTS (ID INTEGER NOT NULL IDENTITY, NAME VARCHAR(255), STOCK INTEGER, PRICE DECIMAL(100,2), ACTIVE BIT, DATE_ADDED DATE)\u000d\u000a
INSERT INTO PRODUCTS VALUES(0,'Milk',333,1.72,'1','2023-01-01')
COMMIT
INSERT INTO PRODUCTS VALUES(1,'Norwegian salmon',45,10.89,'1','2023-01-01')
COMMIT
INSERT INTO PRODUCTS VALUES(2,'Pork ribs',70,5.75,'1','2023-02-01')
COMMIT
INSERT INTO PRODUCTS VALUES(3,'Gazpacho',0,1.77,'0','2023-01-01')
COMMIT
INSERT INTO PRODUCTS VALUES(4,'Cured cheese',15,5.45,'1','2023-02-01')
COMMIT
INSERT INTO PRODUCTS VALUES(5,'Oranges',425,1.89,'1','2023-01-01')
COMMIT
CREATE TABLE CONTACTS (ID INTEGER NOT NULL IDENTITY, NAME VARCHAR(255), SURNAME VARCHAR(255), SURNAME2 VARCHAR(255), PHONE VARCHAR(20), EMAIL VARCHAR(255))
INSERT INTO PRODUCTS VALUES(6,'Oranges2',425,1.89,'1','2023-01-01')
COMMIT
INSERT INTO PRODUCTS VALUES(7,'Oranges2',NULL,NULL,NULL,NULL)
COMMIT
INSERT INTO PRODUCTS VALUES(8,'Patatas',NULL,NULL,NULL,NULL)
COMMIT
/*C6*/SET SCHEMA PUBLIC
DISCONNECT
/*C7*/SET SCHEMA PUBLIC
DISCONNECT
/*C8*/SET SCHEMA PUBLIC
DISCONNECT
/*C9*/SET SCHEMA PUBLIC
DISCONNECT
/*C10*/SET SCHEMA PUBLIC
DISCONNECT
/*C11*/SET SCHEMA PUBLIC
DISCONNECT
/*C12*/SET SCHEMA PUBLIC
DISCONNECT
/*C13*/SET SCHEMA PUBLIC
DISCONNECT
/*C14*/SET SCHEMA PUBLIC
DISCONNECT
/*C15*/SET SCHEMA PUBLIC
DISCONNECT
/*C16*/SET SCHEMA PUBLIC
INSERT INTO PRODUCTS VALUES(9,'patata',NULL,NULL,'0',NULL)
COMMIT
DISCONNECT
/*C17*/SET SCHEMA PUBLIC
DISCONNECT
/*C18*/SET SCHEMA PUBLIC
DISCONNECT
/*C19*/SET SCHEMA PUBLIC
DISCONNECT
/*C20*/SET SCHEMA PUBLIC
DISCONNECT
/*C21*/SET SCHEMA PUBLIC
DISCONNECT
/*C22*/SET SCHEMA PUBLIC
DISCONNECT
/*C23*/SET SCHEMA PUBLIC
DISCONNECT
/*C24*/SET SCHEMA PUBLIC
DISCONNECT
/*C25*/SET SCHEMA PUBLIC
DISCONNECT
/*C26*/SET SCHEMA PUBLIC
DISCONNECT
/*C27*/SET SCHEMA PUBLIC
DISCONNECT
/*C28*/SET SCHEMA PUBLIC
DISCONNECT
/*C29*/SET SCHEMA PUBLIC
DISCONNECT
/*C30*/SET SCHEMA PUBLIC
DISCONNECT
/*C31*/SET SCHEMA PUBLIC
DISCONNECT
/*C32*/SET SCHEMA PUBLIC
DISCONNECT
/*C33*/SET SCHEMA PUBLIC
DISCONNECT
/*C34*/SET SCHEMA PUBLIC
DISCONNECT
/*C35*/SET SCHEMA PUBLIC
DISCONNECT
/*C36*/SET SCHEMA PUBLIC
DISCONNECT
/*C37*/SET SCHEMA PUBLIC
DISCONNECT
/*C38*/SET SCHEMA PUBLIC
DISCONNECT
/*C39*/SET SCHEMA PUBLIC
DISCONNECT
/*C40*/SET SCHEMA PUBLIC
DISCONNECT
/*C41*/SET SCHEMA PUBLIC
DISCONNECT
/*C42*/SET SCHEMA PUBLIC
DISCONNECT
/*C43*/SET SCHEMA PUBLIC
DISCONNECT
/*C44*/SET SCHEMA PUBLIC
DISCONNECT
/*C45*/SET SCHEMA PUBLIC
DISCONNECT
/*C46*/SET SCHEMA PUBLIC
DISCONNECT
/*C47*/SET SCHEMA PUBLIC
DISCONNECT
/*C48*/SET SCHEMA PUBLIC
DISCONNECT
/*C49*/SET SCHEMA PUBLIC
DISCONNECT
/*C50*/SET SCHEMA PUBLIC
DISCONNECT
/*C51*/SET SCHEMA PUBLIC
DISCONNECT
/*C52*/SET SCHEMA PUBLIC
DISCONNECT
/*C53*/SET SCHEMA PUBLIC
DISCONNECT
/*C54*/SET SCHEMA PUBLIC
DISCONNECT
/*C55*/SET SCHEMA PUBLIC
DISCONNECT
/*C56*/SET SCHEMA PUBLIC
DISCONNECT
/*C57*/SET SCHEMA PUBLIC
DISCONNECT
/*C58*/SET SCHEMA PUBLIC
DISCONNECT
/*C59*/SET SCHEMA PUBLIC
DISCONNECT
/*C60*/SET SCHEMA PUBLIC
DISCONNECT
/*C61*/SET SCHEMA PUBLIC
DISCONNECT
/*C62*/SET SCHEMA PUBLIC
DISCONNECT
/*C63*/SET SCHEMA PUBLIC
DISCONNECT
/*C64*/SET SCHEMA PUBLIC
DISCONNECT
/*C65*/SET SCHEMA PUBLIC
DISCONNECT
/*C4*/INSERT INTO CONTACTS VALUES(0,'ALEX','FRESCO','CABARCOS','652488545','ASDFASDF@ASDFAVD.COM')
COMMIT
INSERT INTO CONTACTS VALUES(1,'JUAN','FRAN','SUAREZ','5248863','RETWE@WERTG.COM')
COMMIT
INSERT INTO CONTACTS VALUES(2,'MARIA','RAMIL','FERNANDEZ','65225852','MYUJ@ASDFAVD.COM')
COMMIT
/*C66*/SET SCHEMA PUBLIC
DISCONNECT
/*C67*/SET SCHEMA PUBLIC
DISCONNECT
/*C68*/SET SCHEMA PUBLIC
DISCONNECT
/*C69*/SET SCHEMA PUBLIC
DISCONNECT
/*C70*/SET SCHEMA PUBLIC
DISCONNECT
/*C71*/SET SCHEMA PUBLIC
DISCONNECT
/*C72*/SET SCHEMA PUBLIC
DISCONNECT
/*C73*/SET SCHEMA PUBLIC
DISCONNECT
/*C74*/SET SCHEMA PUBLIC
DISCONNECT
/*C75*/SET SCHEMA PUBLIC
DISCONNECT
/*C76*/SET SCHEMA PUBLIC
INSERT INTO CONTACTS VALUES(3,NULL,NULL,NULL,NULL,NULL)
COMMIT
INSERT INTO CONTACTS VALUES(4,NULL,NULL,NULL,NULL,NULL)
COMMIT
INSERT INTO CONTACTS VALUES(5,NULL,NULL,NULL,NULL,NULL)
COMMIT
DISCONNECT
/*C77*/SET SCHEMA PUBLIC
DISCONNECT
/*C78*/SET SCHEMA PUBLIC
DISCONNECT
/*C79*/SET SCHEMA PUBLIC
DISCONNECT
/*C80*/SET SCHEMA PUBLIC
DISCONNECT
/*C81*/SET SCHEMA PUBLIC
DISCONNECT
/*C82*/SET SCHEMA PUBLIC
DISCONNECT
/*C83*/SET SCHEMA PUBLIC
DISCONNECT
/*C84*/SET SCHEMA PUBLIC
DISCONNECT
/*C85*/SET SCHEMA PUBLIC
DISCONNECT
/*C86*/SET SCHEMA PUBLIC
INSERT INTO CONTACTS VALUES(6,NULL,NULL,NULL,NULL,NULL)
COMMIT
DISCONNECT
/*C87*/SET SCHEMA PUBLIC
DISCONNECT
/*C88*/SET SCHEMA PUBLIC
DISCONNECT
/*C89*/SET SCHEMA PUBLIC
DISCONNECT
/*C90*/SET SCHEMA PUBLIC
DISCONNECT
/*C91*/SET SCHEMA PUBLIC
DISCONNECT
/*C92*/SET SCHEMA PUBLIC
DISCONNECT
/*C93*/SET SCHEMA PUBLIC
DISCONNECT
/*C94*/SET SCHEMA PUBLIC
DISCONNECT
/*C95*/SET SCHEMA PUBLIC
DISCONNECT
/*C96*/SET SCHEMA PUBLIC
INSERT INTO CONTACTS VALUES(7,NULL,NULL,NULL,NULL,NULL)
COMMIT
DISCONNECT
/*C97*/SET SCHEMA PUBLIC
DISCONNECT
/*C98*/SET SCHEMA PUBLIC
DISCONNECT
/*C99*/SET SCHEMA PUBLIC
DISCONNECT
/*C100*/SET SCHEMA PUBLIC
DISCONNECT
/*C101*/SET SCHEMA PUBLIC
DISCONNECT
/*C102*/SET SCHEMA PUBLIC
DISCONNECT
/*C103*/SET SCHEMA PUBLIC
DISCONNECT
/*C104*/SET SCHEMA PUBLIC
DISCONNECT
/*C105*/SET SCHEMA PUBLIC
DISCONNECT
/*C4*/DISCONNECT
/*C5*/DISCONNECT
/*C106*/SET SCHEMA PUBLIC
DISCONNECT
/*C107*/SET SCHEMA PUBLIC
DISCONNECT
/*C108*/SET SCHEMA PUBLIC
DISCONNECT
/*C109*/SET SCHEMA PUBLIC
DISCONNECT
/*C110*/SET SCHEMA PUBLIC
DISCONNECT
/*C111*/SET SCHEMA PUBLIC
DISCONNECT
/*C112*/SET SCHEMA PUBLIC
DISCONNECT
/*C113*/SET SCHEMA PUBLIC
DISCONNECT
/*C114*/SET SCHEMA PUBLIC
DISCONNECT
/*C115*/SET SCHEMA PUBLIC
DISCONNECT
/*C116*/SET SCHEMA PUBLIC
DISCONNECT
/*C117*/SET SCHEMA PUBLIC
DISCONNECT
/*C118*/SET SCHEMA PUBLIC
DISCONNECT
/*C119*/SET SCHEMA PUBLIC
DISCONNECT
/*C120*/SET SCHEMA PUBLIC
DISCONNECT
/*C121*/SET SCHEMA PUBLIC
DISCONNECT
/*C122*/SET SCHEMA PUBLIC
DISCONNECT
/*C123*/SET SCHEMA PUBLIC
DISCONNECT
/*C124*/SET SCHEMA PUBLIC
DISCONNECT
/*C125*/SET SCHEMA PUBLIC
DISCONNECT
/*C126*/SET SCHEMA PUBLIC
DELETE FROM CONTACTS WHERE ID=6
COMMIT
DELETE FROM CONTACTS WHERE ID=3
COMMIT
DELETE FROM CONTACTS WHERE ID=4
COMMIT
DELETE FROM CONTACTS WHERE ID=5
COMMIT
DELETE FROM CONTACTS WHERE ID=7
COMMIT
INSERT INTO CONTACTS VALUES(8,'PEPITO',NULL,NULL,NULL,NULL)
COMMIT
DELETE FROM CONTACTS WHERE ID=8
INSERT INTO CONTACTS VALUES(8,'MENGANITO',NULL,NULL,NULL,NULL)
COMMIT
DISCONNECT
/*C127*/SET SCHEMA PUBLIC
DISCONNECT
/*C128*/SET SCHEMA PUBLIC
DISCONNECT
/*C129*/SET SCHEMA PUBLIC
DISCONNECT
/*C130*/SET SCHEMA PUBLIC
DISCONNECT
/*C131*/SET SCHEMA PUBLIC
DISCONNECT
/*C132*/SET SCHEMA PUBLIC
DISCONNECT
/*C133*/SET SCHEMA PUBLIC
DISCONNECT
/*C134*/SET SCHEMA PUBLIC
DISCONNECT
/*C135*/SET SCHEMA PUBLIC
DISCONNECT
/*C136*/SET SCHEMA PUBLIC
DELETE FROM CONTACTS WHERE ID=8
INSERT INTO CONTACTS VALUES(8,'MENGANITO','SUAREZ',NULL,NULL,NULL)
COMMIT
DISCONNECT
/*C137*/SET SCHEMA PUBLIC
DISCONNECT
/*C138*/SET SCHEMA PUBLIC
DISCONNECT
/*C139*/SET SCHEMA PUBLIC
DISCONNECT
/*C140*/SET SCHEMA PUBLIC
DISCONNECT
/*C141*/SET SCHEMA PUBLIC
DISCONNECT
/*C142*/SET SCHEMA PUBLIC
DISCONNECT
/*C143*/SET SCHEMA PUBLIC
DISCONNECT
/*C144*/SET SCHEMA PUBLIC
DISCONNECT
/*C145*/SET SCHEMA PUBLIC
DISCONNECT
/*C146*/SET SCHEMA PUBLIC
DISCONNECT
/*C147*/SET SCHEMA PUBLIC
DISCONNECT
/*C148*/SET SCHEMA PUBLIC
DISCONNECT
/*C149*/SET SCHEMA PUBLIC
DISCONNECT
/*C150*/SET SCHEMA PUBLIC
DISCONNECT
/*C151*/SET SCHEMA PUBLIC
DISCONNECT
/*C152*/SET SCHEMA PUBLIC
DISCONNECT
/*C153*/SET SCHEMA PUBLIC
DISCONNECT
/*C154*/SET SCHEMA PUBLIC
DISCONNECT
/*C155*/SET SCHEMA PUBLIC
DISCONNECT
/*C156*/SET SCHEMA PUBLIC
DISCONNECT
/*C157*/SET SCHEMA PUBLIC
DISCONNECT
/*C158*/SET SCHEMA PUBLIC
DISCONNECT
/*C159*/SET SCHEMA PUBLIC
DISCONNECT
/*C160*/SET SCHEMA PUBLIC
DISCONNECT
/*C161*/SET SCHEMA PUBLIC
DISCONNECT
/*C162*/SET SCHEMA PUBLIC
DISCONNECT
/*C163*/SET SCHEMA PUBLIC
DISCONNECT
/*C164*/SET SCHEMA PUBLIC
DISCONNECT
/*C165*/SET SCHEMA PUBLIC
DISCONNECT
/*C166*/SET SCHEMA PUBLIC
DELETE FROM CONTACTS WHERE ID=8
INSERT INTO CONTACTS VALUES(8,'MENGANITO','SUAREZ',NULL,'65897412',NULL)
COMMIT
DELETE FROM CONTACTS WHERE ID=8
INSERT INTO CONTACTS VALUES(8,'PEPITO','SUAREZ',NULL,'65897412',NULL)
COMMIT
DISCONNECT
/*C167*/SET SCHEMA PUBLIC
DISCONNECT
/*C168*/SET SCHEMA PUBLIC
DISCONNECT
/*C169*/SET SCHEMA PUBLIC
DISCONNECT
/*C170*/SET SCHEMA PUBLIC
DISCONNECT
/*C171*/SET SCHEMA PUBLIC
DISCONNECT
/*C172*/SET SCHEMA PUBLIC
DISCONNECT
/*C173*/SET SCHEMA PUBLIC
DISCONNECT
/*C174*/SET SCHEMA PUBLIC
DISCONNECT
/*C175*/SET SCHEMA PUBLIC
DISCONNECT
/*C176*/SET SCHEMA PUBLIC
SET SCHEMA PUBLIC
SET SCHEMA PUBLIC
CREATE TABLE SHOPPINGCART (\u000d\u000a\u000d\u000aID INTEGER NOT NULL IDENTITY,\u000d\u000a\u000d\u000aIDPRODUCT INTEGER,\u000d\u000a\u000d\u000aIDCONTACT INTEGER,\u000d\u000a\u000d\u000aAMOUNT INTEGER,\u000d\u000a\u000d\u000aDATESHIPPED DATE,\u000d\u000a\u000d\u000aCONSTRAINT SHOPPINGCART_PK PRIMARY KEY (ID),\u000d\u000a\u000d\u000aCONSTRAINT SHOPPINGCART_PRODUCTS_FK FOREIGN KEY (IDPRODUCT) REFERENCES PRODUCTS(ID),\u000d\u000a\u000d\u000aCONSTRAINT SHOPPINGCART_CONTACTS_FK FOREIGN KEY (IDCONTACT) REFERENCES CONTACTS(ID)\u000d\u000a\u000d\u000a)
/*C2*/INSERT INTO SHOPPINGCART VALUES(0,3,0,2,'2023-04-05')
COMMIT
